{"total": {"lines":{"total":98,"covered":98,"skipped":0,"pct":100},"statements":{"total":98,"covered":98,"skipped":0,"pct":100},"functions":{"total":29,"covered":29,"skipped":0,"pct":100},"branches":{"total":33,"covered":27,"skipped":0,"pct":81.81},"branchesTrue":{"total":0,"covered":0,"skipped":0,"pct":"Unknown"}}
,"F:\\MCCI\\Projet CICD\\SKILLHUB_CICD\\skillhub-front\\src\\services\\authService.js": {"lines":{"total":46,"covered":46,"skipped":0,"pct":100},"functions":{"total":10,"covered":10,"skipped":0,"pct":100},"statements":{"total":46,"covered":46,"skipped":0,"pct":100},"branches":{"total":22,"covered":17,"skipped":0,"pct":77.27}}
,"F:\\MCCI\\Projet CICD\\SKILLHUB_CICD\\skillhub-front\\src\\services\\axiosConfig.js": {"lines":{"total":19,"covered":19,"skipped":0,"pct":100},"functions":{"total":4,"covered":4,"skipped":0,"pct":100},"statements":{"total":19,"covered":19,"skipped":0,"pct":100},"branches":{"total":8,"covered":7,"skipped":0,"pct":87.5}}
,"F:\\MCCI\\Projet CICD\\SKILLHUB_CICD\\skillhub-front\\src\\services\\formationService.js": {"lines":{"total":13,"covered":13,"skipped":0,"pct":100},"functions":{"total":6,"covered":6,"skipped":0,"pct":100},"statements":{"total":13,"covered":13,"skipped":0,"pct":100},"branches":{"total":1,"covered":1,"skipped":0,"pct":100}}
,"F:\\MCCI\\Projet CICD\\SKILLHUB_CICD\\skillhub-front\\src\\services\\inscriptionService.js": {"lines":{"total":7,"covered":7,"skipped":0,"pct":100},"functions":{"total":3,"covered":3,"skipped":0,"pct":100},"statements":{"total":7,"covered":7,"skipped":0,"pct":100},"branches":{"total":2,"covered":2,"skipped":0,"pct":100}}
,"F:\\MCCI\\Projet CICD\\SKILLHUB_CICD\\skillhub-front\\src\\services\\moduleService.js": {"lines":{"total":13,"covered":13,"skipped":0,"pct":100},"functions":{"total":6,"covered":6,"skipped":0,"pct":100},"statements":{"total":13,"covered":13,"skipped":0,"pct":100},"branches":{"total":0,"covered":0,"skipped":0,"pct":100}}
}
